<?xml version="1.0" encoding="UTF-8"?>
<coverage generated="1737141453">
  <project timestamp="1737141453">
    <file name="/home/joao_victor/Projects/TesteB/src/Exemplo.php">
      <class name="App\Exemplo" namespace="global">
        <metrics complexity="2" methods="2" coveredmethods="2" conditionals="0" coveredconditionals="0" statements="2" coveredstatements="2" elements="4" coveredelements="4"/>
      </class>
      <line num="7" type="method" name="soma" visibility="public" complexity="1" crap="1" count="1"/>
      <line num="9" type="stmt" count="1"/>
      <line num="12" type="method" name="subtrai" visibility="public" complexity="1" crap="1" count="1"/>
      <line num="14" type="stmt" count="1"/>
      <metrics loc="17" ncloc="17" classes="1" methods="2" coveredmethods="2" conditionals="0" coveredconditionals="0" statements="2" coveredstatements="2" elements="4" coveredelements="4"/>
    </file>
    <metrics files="1" loc="17" ncloc="17" classes="1" methods="2" coveredmethods="2" conditionals="0" coveredconditionals="0" statements="2" coveredstatements="2" elements="4" coveredelements="4"/>
  </project>
</coverage>
